<?xml version="1.0" encoding="UTF-8"?>
<robot generator="Robot 6.1.1 (Python 3.10.4 on win32)" generated="20240102 15:05:11.375" rpa="false" schemaversion="4">
<suite id="s1" name="HLF API Automation" source="C:\Users\Perennial\PycharmProjects\API_Automation_HLF_Learning\Testcases\HLF_API_Automation.robot">
<test id="s1-t1" name="TC_1. LogIn user into HLF app" line="13">
<kw name="LoginUser_Set_Global_Variable" library="loginuser_keywords">
<kw name="Create Session" library="RequestsLibrary">
<arg>loginsession</arg>
<arg>${BaseURL}</arg>
<doc>Create Session: create a HTTP session to a server</doc>
<msg timestamp="20240102 15:05:11.662" level="INFO">Creating Session using : alias=loginsession, url=https://hlfuat.nium.com, headers={},                     cookies={}, auth=None, timeout=None, proxies=None, verify=False,                     debug=0 </msg>
<status status="PASS" starttime="20240102 15:05:11.662" endtime="20240102 15:05:11.662"/>
</kw>
<kw name="Create Dictionary" library="BuiltIn">
<var>${body}</var>
<arg>email=${UserEmail}</arg>
<arg>password=${UserPassword}</arg>
<doc>Creates and returns a dictionary based on the given ``items``.</doc>
<msg timestamp="20240102 15:05:11.663" level="INFO">${body} = {'email': 'test401@yopmail.com', 'password': 'Pass@123'}</msg>
<status status="PASS" starttime="20240102 15:05:11.662" endtime="20240102 15:05:11.663"/>
</kw>
<kw name="POST On Session" library="RequestsLibrary">
<var>${Response}</var>
<arg>loginsession</arg>
<arg>/api/v1/user/login</arg>
<arg>data=${body}</arg>
<doc>Sends a POST request on a previously created HTTP Session.</doc>
<msg timestamp="20240102 15:05:12.215" level="INFO">POST Request : url=https://hlfuat.nium.com/api/v1/user/login 
 path_url=/api/v1/user/login 
 headers={'User-Agent': 'python-requests/2.31.0', 'Accept-Encoding': 'gzip, deflate', 'Accept': '*/*', 'Connection': 'keep-alive', 'Content-Length': '47', 'Content-Type': 'application/x-www-form-urlencoded'} 
 body=email=test401%40yopmail.com&amp;password=Pass%40123 
 </msg>
<msg timestamp="20240102 15:05:12.215" level="INFO">POST Response : url=https://hlfuat.nium.com/api/v1/user/login 
 status=200, reason=OK 
 headers={'Date': 'Tue, 02 Jan 2024 09:35:12 GMT', 'Content-Type': 'application/json; charset=utf-8', 'Transfer-Encoding': 'chunked', 'Connection': 'keep-alive', 'Server': 'nginx/1.14.1', 'Vary': 'Accept-Encoding', 'Access-Control-Allow-Origin': '*', 'Content-Security-Policy': "default-src 'self';base-uri 'self';block-all-mixed-content;font-src 'self' https: data:;form-action 'self';frame-ancestors 'self';img-src 'self' data:;object-src 'none';script-src 'self';script-src-attr 'none';style-src 'self' https: 'unsafe-inline';upgrade-insecure-requests", 'Cross-Origin-Embedder-Policy': 'require-corp', 'Cross-Origin-Opener-Policy': 'same-origin', 'Cross-Origin-Resource-Policy': 'same-origin', 'X-DNS-Prefetch-Control': 'off', 'Expect-CT': 'max-age=0', 'X-Frame-Options': 'SAMEORIGIN', 'Strict-Transport-Security': 'max-age=15552000; includeSubDomains', 'X-Download-Options': 'noopen', 'X-Content-Type-Options': 'nosniff', 'Origin-Agent-Cluster': '?1', 'X-Permitted-Cross-Domain-Policies': 'none', 'Referrer-Policy': 'no-referrer', 'X-XSS-Protection': '0', 'ETag': 'W/"5de-rlubc5mu7XYrardhqgb0h5gkWm0"', 'Content-Encoding': 'gzip'} 
 body={"success":true,"message":"","data":{"id":"7833063b-805b-4bae-97a5-60108b9d6e7d","customer_hash_id":"cd10a420-cee4-4ba2-b11b-bdade65d9546","wallet_hash_id":"003eb335-c42f-4068-b03d-cb4e8f4b9e8f","email":"test401@yopmail.com","country_code":"IN","mobile":"707090900","role":"CONSUMER","sub_role":null,"token":"eyJhbGciOiJIUzI1NiIsInR5cCI6IkpXVCJ9.eyJlbWFpbCI6InRlc3Q0MDFAeW9wbWFpbC5jb20iLCJpZCI6Ijc4MzMwNjNiLTgwNWItNGJhZS05N2E1LTYwMTA4YjlkNmU3ZCIsInJvbGUiOiJDT05TVU1FUiIsInN1Yl9yb2xlIjpudWxsLCJpYXQiOjE3MDQxODgxMTIsImV4cCI6MTcwNDE4ODI5Mn0.tTdiV5E7chqFCwZf7qo9JgrS8iiD5Oe8RqgCUB7S4qs","refresh_token":"eyJhbGciOiJIUzI1NiIsInR5cCI6IkpXVCJ9.eyJlbWFpbCI6InRlc3Q0MDFAeW9wbWFpbC5jb20iLCJpZCI6Ijc4MzMwNjNiLTgwNWItNGJhZS05N2E1LTYwMTA4YjlkNmU3ZCIsInJvbGUiOiJDT05TVU1FUiIsInN1Yl9yb2xlIjpudWxsLCJpYXQiOjE3MDQxODgxMTIsImV4cCI6MTcwNDE4ODcxMn0.hQgUVZzR2kDkVMk8_UedIpy3GMVHSmnxl4Zh69GmK88","primary_vir_card":"d4f8a1be-41a0-4be0-8921-82e5332e0517","primary_vir_phy_card":null,"addon_card":null,"referred_by_hlf":"Main Branch","hlf_relationship_manager":"Not Applicable","is_deleted":false,"is_password_updated":true,"is_active_card":true,"is_primary_vir_card":true,"is_primary_vir_phy_card":false,"case_id":null,"client_id":null,"device_id":"4405b73682c452f6","compliance_status":null,"mobile_updated_on":"2023-06-14T03:55:25.393Z","external_id":"7833063b-805b-4bae-97a5-60108b9d6e7d","restore_id":"cbff55c7-81e7-4a09-876a-836a5ad56727","created_at":"2022-04-13T07:57:10.894Z","updated_at":"2024-01-02T09:21:40.311Z"}} 
 </msg>
<msg timestamp="20240102 15:05:12.215" level="INFO">C:\Users\Perennial\PycharmProjects\API_Automation_HLF_Learning\venv\lib\site-packages\urllib3\connectionpool.py:1099: InsecureRequestWarning: Unverified HTTPS request is being made to host 'hlfuat.nium.com'. Adding certificate verification is strongly advised. See: https://urllib3.readthedocs.io/en/latest/advanced-usage.html#tls-warnings
  warnings.warn(</msg>
<msg timestamp="20240102 15:05:12.216" level="INFO">${Response} = &lt;Response [200]&gt;</msg>
<status status="PASS" starttime="20240102 15:05:11.663" endtime="20240102 15:05:12.216"/>
</kw>
<kw name="To Json" library="RequestsLibrary">
<var>${json_Obj}</var>
<arg>${Response.content}</arg>
<doc>*DEPRECATED* Please use ${resp.json()} instead. Have a look at the improved HTML output as pretty printing replacement.</doc>
<msg timestamp="20240102 15:05:12.216" level="WARN">Keyword 'RequestsLibrary.To Json' is deprecated. Please use ${resp.json()} instead. Have a look at the improved HTML output as pretty printing replacement.</msg>
<msg timestamp="20240102 15:05:12.218" level="INFO">To JSON using : content={"success":true,"message":"","data":{"id":"7833063b-805b-4bae-97a5-60108b9d6e7d","customer_hash_id":"cd10a420-cee4-4ba2-b11b-bdade65d9546","wallet_hash_id":"003eb335-c42f-4068-b03d-cb4e8f4b9e8f","email":"test401@yopmail.com","country_code":"IN","mobile":"707090900","role":"CONSUMER","sub_role":null,"token":"eyJhbGciOiJIUzI1NiIsInR5cCI6IkpXVCJ9.eyJlbWFpbCI6InRlc3Q0MDFAeW9wbWFpbC5jb20iLCJpZCI6Ijc4MzMwNjNiLTgwNWItNGJhZS05N2E1LTYwMTA4YjlkNmU3ZCIsInJvbGUiOiJDT05TVU1FUiIsInN1Yl9yb2xlIjpudWxsLCJpYXQiOjE3MDQxODgxMTIsImV4cCI6MTcwNDE4ODI5Mn0.tTdiV5E7chqFCwZf7qo9JgrS8iiD5Oe8RqgCUB7S4qs","refresh_token":"eyJhbGciOiJIUzI1NiIsInR5cCI6IkpXVCJ9.eyJlbWFpbCI6InRlc3Q0MDFAeW9wbWFpbC5jb20iLCJpZCI6Ijc4MzMwNjNiLTgwNWItNGJhZS05N2E1LTYwMTA4YjlkNmU3ZCIsInJvbGUiOiJDT05TVU1FUiIsInN1Yl9yb2xlIjpudWxsLCJpYXQiOjE3MDQxODgxMTIsImV4cCI6MTcwNDE4ODcxMn0.hQgUVZzR2kDkVMk8_UedIpy3GMVHSmnxl4Zh69GmK88","primary_vir_card":"d4f8a1be-41a0-4be0-8921-82e5332e0517","primary_vir_phy_card":null,"addon_card":null,"referred_by_hlf":"Main Branch","hlf_relationship_manager":"Not Applicable","is_deleted":false,"is_password_updated":true,"is_active_card":true,"is_primary_vir_card":true,"is_primary_vir_phy_card":false,"case_id":null,"client_id":null,"device_id":"4405b73682c452f6","compliance_status":null,"mobile_updated_on":"2023-06-14T03:55:25.393Z","external_id":"7833063b-805b-4bae-97a5-60108b9d6e7d","restore_id":"cbff55c7-81e7-4a09-876a-836a5ad56727","created_at":"2022-04-13T07:57:10.894Z","updated_at":"2024-01-02T09:21:40.311Z"}} </msg>
<msg timestamp="20240102 15:05:12.218" level="INFO">To JSON using : pretty_print=False </msg>
<msg timestamp="20240102 15:05:12.218" level="INFO">${json_Obj} = {'success': True, 'message': '', 'data': {'id': '7833063b-805b-4bae-97a5-60108b9d6e7d', 'customer_hash_id': 'cd10a420-cee4-4ba2-b11b-bdade65d9546', 'wallet_hash_id': '003eb335-c42f-4068-b03d-cb4e8f4b9...</msg>
<status status="PASS" starttime="20240102 15:05:12.216" endtime="20240102 15:05:12.218"/>
</kw>
<kw name="Convert To String" library="BuiltIn">
<var>${StatusCode}</var>
<arg>${Response.status_code}</arg>
<doc>Converts the given item to a Unicode string.</doc>
<msg timestamp="20240102 15:05:12.218" level="INFO">${StatusCode} = 200</msg>
<status status="PASS" starttime="20240102 15:05:12.218" endtime="20240102 15:05:12.218"/>
</kw>
<kw name="Convert To String" library="BuiltIn">
<var>${Respo_Content}</var>
<arg>${Response.content}</arg>
<doc>Converts the given item to a Unicode string.</doc>
<msg timestamp="20240102 15:05:12.219" level="INFO">${Respo_Content} = {"success":true,"message":"","data":{"id":"7833063b-805b-4bae-97a5-60108b9d6e7d","customer_hash_id":"cd10a420-cee4-4ba2-b11b-bdade65d9546","wallet_hash_id":"003eb335-c42f-4068-b03d-cb4e8f4b9e8f","emai...</msg>
<status status="PASS" starttime="20240102 15:05:12.218" endtime="20240102 15:05:12.219"/>
</kw>
<kw name="Should Be Equal" library="BuiltIn">
<arg>${StatusCode}</arg>
<arg>200</arg>
<doc>Fails if the given objects are unequal.</doc>
<status status="PASS" starttime="20240102 15:05:12.219" endtime="20240102 15:05:12.219"/>
</kw>
<kw name="Should Contain" library="BuiltIn">
<arg>${Respo_Content}</arg>
<arg>id</arg>
<doc>Fails if ``container`` does not contain ``item`` one or more times.</doc>
<status status="PASS" starttime="20240102 15:05:12.219" endtime="20240102 15:05:12.220"/>
</kw>
<kw name="Should Contain" library="BuiltIn">
<arg>${Respo_Content}</arg>
<arg>customer_hash_id</arg>
<doc>Fails if ``container`` does not contain ``item`` one or more times.</doc>
<status status="PASS" starttime="20240102 15:05:12.220" endtime="20240102 15:05:12.220"/>
</kw>
<kw name="Should Contain" library="BuiltIn">
<arg>${Respo_Content}</arg>
<arg>email</arg>
<doc>Fails if ``container`` does not contain ``item`` one or more times.</doc>
<status status="PASS" starttime="20240102 15:05:12.220" endtime="20240102 15:05:12.220"/>
</kw>
<kw name="Should Be Equal" library="BuiltIn">
<arg>${Response.json()}[data][email]</arg>
<arg>${UserEmail}</arg>
<doc>Fails if the given objects are unequal.</doc>
<status status="PASS" starttime="20240102 15:05:12.220" endtime="20240102 15:05:12.221"/>
</kw>
<kw name="Should Be Equal" library="BuiltIn">
<arg>${Response.json()}[data][role]</arg>
<arg>CONSUMER</arg>
<doc>Fails if the given objects are unequal.</doc>
<status status="PASS" starttime="20240102 15:05:12.221" endtime="20240102 15:05:12.221"/>
</kw>
<kw name="Get Value From Json" library="JSONLibrary">
<var>${tokenValue}</var>
<arg>${json_Obj}</arg>
<arg>$.data.token</arg>
<doc>Get Value From JSON using JSONPath</doc>
<msg timestamp="20240102 15:05:12.244" level="INFO">${tokenValue} = ['eyJhbGciOiJIUzI1NiIsInR5cCI6IkpXVCJ9.eyJlbWFpbCI6InRlc3Q0MDFAeW9wbWFpbC5jb20iLCJpZCI6Ijc4MzMwNjNiLTgwNWItNGJhZS05N2E1LTYwMTA4YjlkNmU3ZCIsInJvbGUiOiJDT05TVU1FUiIsInN1Yl9yb2xlIjpudWxsLCJpYXQiOjE3MDQxO...</msg>
<status status="PASS" starttime="20240102 15:05:12.221" endtime="20240102 15:05:12.244"/>
</kw>
<kw name="Get Value From Json" library="JSONLibrary">
<var>${userIdValue}</var>
<arg>${json_Obj}</arg>
<arg>$.data.id</arg>
<doc>Get Value From JSON using JSONPath</doc>
<msg timestamp="20240102 15:05:12.275" level="INFO">${userIdValue} = ['7833063b-805b-4bae-97a5-60108b9d6e7d']</msg>
<status status="PASS" starttime="20240102 15:05:12.244" endtime="20240102 15:05:12.275"/>
</kw>
<kw name="Get Value From Json" library="JSONLibrary">
<var>${user_hashId_Value}</var>
<arg>${json_Obj}</arg>
<arg>$.data.customer_hash_id</arg>
<doc>Get Value From JSON using JSONPath</doc>
<msg timestamp="20240102 15:05:12.291" level="INFO">${user_hashId_Value} = ['cd10a420-cee4-4ba2-b11b-bdade65d9546']</msg>
<status status="PASS" starttime="20240102 15:05:12.275" endtime="20240102 15:05:12.291"/>
</kw>
<kw name="Set Global Variable" library="BuiltIn">
<arg>${BearerToken}</arg>
<arg>${tokenValue[0]}</arg>
<doc>Makes a variable available globally in all tests and suites.</doc>
<msg timestamp="20240102 15:05:12.291" level="INFO">${BearerToken} = eyJhbGciOiJIUzI1NiIsInR5cCI6IkpXVCJ9.eyJlbWFpbCI6InRlc3Q0MDFAeW9wbWFpbC5jb20iLCJpZCI6Ijc4MzMwNjNiLTgwNWItNGJhZS05N2E1LTYwMTA4YjlkNmU3ZCIsInJvbGUiOiJDT05TVU1FUiIsInN1Yl9yb2xlIjpudWxsLCJpYXQiOjE3MDQxODg...</msg>
<status status="PASS" starttime="20240102 15:05:12.291" endtime="20240102 15:05:12.292"/>
</kw>
<kw name="Set Global Variable" library="BuiltIn">
<arg>${useriD}</arg>
<arg>${userIdValue[0]}</arg>
<doc>Makes a variable available globally in all tests and suites.</doc>
<msg timestamp="20240102 15:05:12.292" level="INFO">${useriD} = 7833063b-805b-4bae-97a5-60108b9d6e7d</msg>
<status status="PASS" starttime="20240102 15:05:12.292" endtime="20240102 15:05:12.292"/>
</kw>
<kw name="Set Global Variable" library="BuiltIn">
<arg>${Cust_hash_id}</arg>
<arg>${user_hashId_Value[0]}</arg>
<doc>Makes a variable available globally in all tests and suites.</doc>
<msg timestamp="20240102 15:05:12.293" level="INFO">${Cust_hash_id} = cd10a420-cee4-4ba2-b11b-bdade65d9546</msg>
<status status="PASS" starttime="20240102 15:05:12.292" endtime="20240102 15:05:12.293"/>
</kw>
<status status="PASS" starttime="20240102 15:05:11.662" endtime="20240102 15:05:12.293"/>
</kw>
<status status="PASS" starttime="20240102 15:05:11.661" endtime="20240102 15:05:12.293"/>
</test>
<test id="s1-t2" name="TC_2. GetUserDetails" line="16">
<kw name="Get_custemor_GETAPI" library="GetCustemer">
<kw name="Create Session" library="RequestsLibrary">
<arg>Get_cust_data</arg>
<arg>${Base_URL}</arg>
<arg>verify=True</arg>
<doc>Create Session: create a HTTP session to a server</doc>
<msg timestamp="20240102 15:05:12.295" level="INFO">Creating Session using : alias=Get_cust_data, url=https://hlfuat.nium.com, headers={},                     cookies={}, auth=None, timeout=None, proxies=None, verify=True,                     debug=0 </msg>
<status status="PASS" starttime="20240102 15:05:12.295" endtime="20240102 15:05:12.295"/>
</kw>
<kw name="Create Dictionary" library="BuiltIn">
<var>${Header}</var>
<arg>Authorization=Bearer ${BearerToken}</arg>
<arg>Content-Type=application/json</arg>
<doc>Creates and returns a dictionary based on the given ``items``.</doc>
<msg timestamp="20240102 15:05:12.295" level="INFO">${Header} = {'Authorization': 'Bearer eyJhbGciOiJIUzI1NiIsInR5cCI6IkpXVCJ9.eyJlbWFpbCI6InRlc3Q0MDFAeW9wbWFpbC5jb20iLCJpZCI6Ijc4MzMwNjNiLTgwNWItNGJhZS05N2E1LTYwMTA4YjlkNmU3ZCIsInJvbGUiOiJDT05TVU1FUiIsInN1Yl9yb2xlI...</msg>
<status status="PASS" starttime="20240102 15:05:12.295" endtime="20240102 15:05:12.295"/>
</kw>
<kw name="GET On Session" library="RequestsLibrary">
<var>${response}</var>
<arg>Get_cust_data</arg>
<arg>/api/v1/user/${useriD}/customer/${Cust_hash_id}</arg>
<arg>headers=${Header}</arg>
<doc>Sends a GET request on a previously created HTTP Session.</doc>
<msg timestamp="20240102 15:05:13.461" level="INFO">GET Request : url=https://hlfuat.nium.com/api/v1/user/7833063b-805b-4bae-97a5-60108b9d6e7d/customer/cd10a420-cee4-4ba2-b11b-bdade65d9546 
 path_url=/api/v1/user/7833063b-805b-4bae-97a5-60108b9d6e7d/customer/cd10a420-cee4-4ba2-b11b-bdade65d9546 
 headers={'User-Agent': 'python-requests/2.31.0', 'Accept-Encoding': 'gzip, deflate', 'Accept': '*/*', 'Connection': 'keep-alive', 'Authorization': 'Bearer eyJhbGciOiJIUzI1NiIsInR5cCI6IkpXVCJ9.eyJlbWFpbCI6InRlc3Q0MDFAeW9wbWFpbC5jb20iLCJpZCI6Ijc4MzMwNjNiLTgwNWItNGJhZS05N2E1LTYwMTA4YjlkNmU3ZCIsInJvbGUiOiJDT05TVU1FUiIsInN1Yl9yb2xlIjpudWxsLCJpYXQiOjE3MDQxODgxMTIsImV4cCI6MTcwNDE4ODI5Mn0.tTdiV5E7chqFCwZf7qo9JgrS8iiD5Oe8RqgCUB7S4qs', 'Content-Type': 'application/json'} 
 body=None 
 </msg>
<msg timestamp="20240102 15:05:13.461" level="INFO">GET Response : url=https://hlfuat.nium.com/api/v1/user/7833063b-805b-4bae-97a5-60108b9d6e7d/customer/cd10a420-cee4-4ba2-b11b-bdade65d9546 
 status=200, reason=OK 
 headers={'Date': 'Tue, 02 Jan 2024 09:35:13 GMT', 'Content-Type': 'application/json; charset=utf-8', 'Transfer-Encoding': 'chunked', 'Connection': 'keep-alive', 'Server': 'nginx/1.14.1', 'Vary': 'Accept-Encoding', 'Access-Control-Allow-Origin': '*', 'Content-Security-Policy': "default-src 'self';base-uri 'self';block-all-mixed-content;font-src 'self' https: data:;form-action 'self';frame-ancestors 'self';img-src 'self' data:;object-src 'none';script-src 'self';script-src-attr 'none';style-src 'self' https: 'unsafe-inline';upgrade-insecure-requests", 'Cross-Origin-Embedder-Policy': 'require-corp', 'Cross-Origin-Opener-Policy': 'same-origin', 'Cross-Origin-Resource-Policy': 'same-origin', 'X-DNS-Prefetch-Control': 'off', 'Expect-CT': 'max-age=0', 'X-Frame-Options': 'SAMEORIGIN', 'Strict-Transport-Security': 'max-age=15552000; includeSubDomains', 'X-Download-Options': 'noopen', 'X-Content-Type-Options': 'nosniff', 'Origin-Agent-Cluster': '?1', 'X-Permitted-Cross-Domain-Policies': 'none', 'Referrer-Policy': 'no-referrer', 'X-XSS-Protection': '0', 'ETag': 'W/"dc5-B4f9vgJobeUH8eOnZibO63CKytQ"', 'Content-Encoding': 'gzip'} 
 body={"success":true,"message":"Customer get successfully","data":{"referenceId":null,"customerId":132885,"walletHashId":"003eb335-c42f-4068-b03d-cb4e8f4b9e8f","customerHashId":"cd10a420-cee4-4ba2-b11b-bdade65d9546","email":"test401@yopmail.com","countryCode":"IN","mobile":"707090900","phoneCode":"91","firstName":"MEI QIN","middleName":null,"lastName":"CHENG","preferredName":"MEI QIN","dateOfBirth":"1961-06-17","gender":null,"nationality":"SG","employeeId":null,"designation":null,"customerType":"INDIVIDUAL","deliveryAddress1":"Perennial Systems Swargate","deliveryAddress2":"Kalewadi-pune","deliveryCity":"Pune","deliveryLandmark":null,"deliveryCountry":"IN","deliveryState":null,"deliveryZipCode":"4104104","billingAddress1":"unit 128, BEDOK NORTH AVENUE 4, block","billingAddress2":"102, floor 09, building PEARL GARDEN","billingCity":"SG","billingLandmark":null,"billingCountry":"SG","billingState":"SG","billingZipCode":"460102","complianceStatus":"COMPLETED","termsAndConditionAcceptanceFlag":true,"termsAndConditionName":"B2BANIKET","termsAndConditionVersionId":"4.9","remarks":"KYC : SCREENING COMPLETED|VERIFIED","complianceRemarks":"KYC : SCREENING COMPLETED|VERIFIED","rfiDetails":null,"paymentIds":[{"currencyCode":"SGD","uniquePaymentId":"200243978388","uniquePayerId":null,"bankName":"JPM_SG"},{"currencyCode":"SGD","uniquePaymentId":"8850932955372","uniquePayerId":null,"bankName":"DBS_SG"},{"currencyCode":"HKD","uniquePaymentId":"200243976309","uniquePayerId":null,"bankName":"JPM_SG"},{"currencyCode":"USD","uniquePaymentId":"200243951339","uniquePayerId":null,"bankName":"JPM_SG"},{"currencyCode":"USD","uniquePaymentId":"8850942675270","uniquePayerId":null,"bankName":"DBS_SG"},{"currencyCode":"SGD","uniquePaymentId":"200243971114","uniquePayerId":null,"bankName":"JPM_SG"},{"currencyCode":"SGD","uniquePaymentId":"8850932487046","uniquePayerId":null,"bankName":"DBS_SG"},{"currencyCode":"HKD","uniquePaymentId":"200244001537","uniquePayerId":null,"bankName":"JPM_SG"},{"currencyCode":"USD","uniquePaymentId":"200244008106","uniquePayerId":null,"bankName":"JPM_SG"},{"currencyCode":"USD","uniquePaymentId":"8850942294770","uniquePayerId":null,"bankName":"DBS_SG"},{"currencyCode":"SGD","uniquePaymentId":"200243935543","uniquePayerId":null,"bankName":"JPM_SG"},{"currencyCode":"SGD","uniquePaymentId":"8850932479159","uniquePayerId":null,"bankName":"DBS_SG"},{"currencyCode":"SGD","uniquePaymentId":"8850932979848","uniquePayerId":null,"bankName":"DBS_SG"},{"currencyCode":"SGD","uniquePaymentId":"200244010486","uniquePayerId":null,"bankName":"JPM_SG"},{"currencyCode":"SGD","uniquePaymentId":"200244000016","uniquePayerId":null,"bankName":"JPM_SG"}],"status":"Clear","kycMode":"E_KYC","complianceLevel":"SCREENING_KYC","identificationTypes":["UINFIN"],"segment":null,"nativeLanguageName":null,"identificationData":[{"type":"UINFIN","value":"xxxxxxxxxx"}],"blockReason":null,"blockComment":null,"blockUpdatedBy":null,"taxDetails":[],"professionalDetails":null,"pep":false,"tags":{"Referred by Hong Leong Finance (HLF)":"Main Branch","HLF Relationship Manager's Name":"Not Applicable"},"businessDetails":null,"stakeholderDetails":null,"businessPartner":null,"riskAssessmentInfo":null,"verificationConsent":false,"countryOfBirth":null,"intendedUseOfAccount":null,"createdAt":"2022-04-13 07:57:14","updatedAt":"2023-06-14 03:55:25","estimatedMonthlyFunding":null,"estimatedMonthlyFundingCurrency":null,"internationalPaymentsSupported":false,"expectedCountriesToSendReceiveFrom":[],"regulatoryRegion":"SG"}} 
 </msg>
<msg timestamp="20240102 15:05:13.462" level="INFO">${response} = &lt;Response [200]&gt;</msg>
<status status="PASS" starttime="20240102 15:05:12.295" endtime="20240102 15:05:13.462"/>
</kw>
<kw name="Log To Console" library="BuiltIn">
<arg>${response.status_code}</arg>
<doc>Logs the given message to the console.</doc>
<status status="PASS" starttime="20240102 15:05:13.462" endtime="20240102 15:05:13.463"/>
</kw>
<kw name="Convert To String" library="BuiltIn">
<var>${resp_code}</var>
<arg>${response.status_code}</arg>
<doc>Converts the given item to a Unicode string.</doc>
<msg timestamp="20240102 15:05:13.463" level="INFO">${resp_code} = 200</msg>
<status status="PASS" starttime="20240102 15:05:13.463" endtime="20240102 15:05:13.463"/>
</kw>
<kw name="Convert To String" library="BuiltIn">
<var>${resp_content}</var>
<arg>${response.json()}</arg>
<doc>Converts the given item to a Unicode string.</doc>
<msg timestamp="20240102 15:05:13.464" level="INFO">${resp_content} = {'success': True, 'message': 'Customer get successfully', 'data': {'referenceId': None, 'customerId': 132885, 'walletHashId': '003eb335-c42f-4068-b03d-cb4e8f4b9e8f', 'customerHashId': 'cd10a420-cee4-4...</msg>
<status status="PASS" starttime="20240102 15:05:13.464" endtime="20240102 15:05:13.464"/>
</kw>
<kw name="Status Should Be" library="RequestsLibrary">
<arg>OK</arg>
<arg>${response}</arg>
<doc>Fails if response status code is different than the expected.</doc>
<status status="PASS" starttime="20240102 15:05:13.464" endtime="20240102 15:05:13.464"/>
</kw>
<kw name="Should Be Equal" library="BuiltIn">
<arg>${resp_code}</arg>
<arg>200</arg>
<doc>Fails if the given objects are unequal.</doc>
<status status="PASS" starttime="20240102 15:05:13.464" endtime="20240102 15:05:13.465"/>
</kw>
<kw name="Should Contain" library="BuiltIn">
<arg>${resp_content}</arg>
<arg>Customer get successfully</arg>
<doc>Fails if ``container`` does not contain ``item`` one or more times.</doc>
<status status="PASS" starttime="20240102 15:05:13.465" endtime="20240102 15:05:13.465"/>
</kw>
<kw name="Should Contain" library="BuiltIn">
<arg>${resp_content}</arg>
<arg>${UserEmail}</arg>
<doc>Fails if ``container`` does not contain ``item`` one or more times.</doc>
<status status="PASS" starttime="20240102 15:05:13.465" endtime="20240102 15:05:13.465"/>
</kw>
<kw name="Should Be Equal" library="BuiltIn">
<arg>${response.json()}[data][customerHashId]</arg>
<arg>${Cust_hash_id}</arg>
<doc>Fails if the given objects are unequal.</doc>
<status status="PASS" starttime="20240102 15:05:13.465" endtime="20240102 15:05:13.466"/>
</kw>
<status status="PASS" starttime="20240102 15:05:12.294" endtime="20240102 15:05:13.466"/>
</kw>
<status status="PASS" starttime="20240102 15:05:12.294" endtime="20240102 15:05:13.466"/>
</test>
<test id="s1-t3" name="TC_3. Updates User Delivery Address" line="19">
<kw name="UpdateUserAddress" library="UpdateCustemerDetails_keywords">
<kw name="Create Session" library="RequestsLibrary">
<arg>Userupdates</arg>
<arg>${BaseURL}</arg>
<doc>Create Session: create a HTTP session to a server</doc>
<msg timestamp="20240102 15:05:13.469" level="INFO">Creating Session using : alias=Userupdates, url=https://hlfuat.nium.com, headers={},                     cookies={}, auth=None, timeout=None, proxies=None, verify=False,                     debug=0 </msg>
<status status="PASS" starttime="20240102 15:05:13.469" endtime="20240102 15:05:13.469"/>
</kw>
<kw name="Create Dictionary" library="BuiltIn">
<var>${body}</var>
<arg>deliveryAddress1=Perennial Systems Swargate</arg>
<arg>deliveryAddress2=Kalewadi-pune</arg>
<arg>deliveryCity=Pune</arg>
<arg>deliveryZipCode=4104104</arg>
<arg>deliveryCountry=IN</arg>
<doc>Creates and returns a dictionary based on the given ``items``.</doc>
<msg timestamp="20240102 15:05:13.470" level="INFO">${body} = {'deliveryAddress1': 'Perennial Systems Swargate', 'deliveryAddress2': 'Kalewadi-pune', 'deliveryCity': 'Pune', 'deliveryZipCode': '4104104', 'deliveryCountry': 'IN'}</msg>
<status status="PASS" starttime="20240102 15:05:13.469" endtime="20240102 15:05:13.470"/>
</kw>
<kw name="Create Dictionary" library="BuiltIn">
<var>${headers}</var>
<arg>Authorization=Bearer ${BearerToken}</arg>
<arg>Content-Type=application/json</arg>
<doc>Creates and returns a dictionary based on the given ``items``.</doc>
<msg timestamp="20240102 15:05:13.470" level="INFO">${headers} = {'Authorization': 'Bearer eyJhbGciOiJIUzI1NiIsInR5cCI6IkpXVCJ9.eyJlbWFpbCI6InRlc3Q0MDFAeW9wbWFpbC5jb20iLCJpZCI6Ijc4MzMwNjNiLTgwNWItNGJhZS05N2E1LTYwMTA4YjlkNmU3ZCIsInJvbGUiOiJDT05TVU1FUiIsInN1Yl9yb2xlI...</msg>
<status status="PASS" starttime="20240102 15:05:13.470" endtime="20240102 15:05:13.470"/>
</kw>
<kw name="PUT On Session" library="RequestsLibrary">
<var>${Response}</var>
<arg>Userupdates</arg>
<arg>/api/v1/user/${useriD}</arg>
<arg>json=${body}</arg>
<arg>headers=${headers}</arg>
<doc>Sends a PUT request on a previously created HTTP Session.</doc>
<msg timestamp="20240102 15:05:14.607" level="INFO">PUT Request : url=https://hlfuat.nium.com/api/v1/user/7833063b-805b-4bae-97a5-60108b9d6e7d 
 path_url=/api/v1/user/7833063b-805b-4bae-97a5-60108b9d6e7d 
 headers={'User-Agent': 'python-requests/2.31.0', 'Accept-Encoding': 'gzip, deflate', 'Accept': '*/*', 'Connection': 'keep-alive', 'Authorization': 'Bearer eyJhbGciOiJIUzI1NiIsInR5cCI6IkpXVCJ9.eyJlbWFpbCI6InRlc3Q0MDFAeW9wbWFpbC5jb20iLCJpZCI6Ijc4MzMwNjNiLTgwNWItNGJhZS05N2E1LTYwMTA4YjlkNmU3ZCIsInJvbGUiOiJDT05TVU1FUiIsInN1Yl9yb2xlIjpudWxsLCJpYXQiOjE3MDQxODgxMTIsImV4cCI6MTcwNDE4ODI5Mn0.tTdiV5E7chqFCwZf7qo9JgrS8iiD5Oe8RqgCUB7S4qs', 'Content-Type': 'application/json', 'Content-Length': '166'} 
 body=b'{"deliveryAddress1": "Perennial Systems Swargate", "deliveryAddress2": "Kalewadi-pune", "deliveryCity": "Pune", "deliveryZipCode": "4104104", "deliveryCountry": "IN"}' 
 </msg>
<msg timestamp="20240102 15:05:14.607" level="INFO">PUT Response : url=https://hlfuat.nium.com/api/v1/user/7833063b-805b-4bae-97a5-60108b9d6e7d 
 status=200, reason=OK 
 headers={'Date': 'Tue, 02 Jan 2024 09:35:14 GMT', 'Content-Type': 'application/json; charset=utf-8', 'Content-Length': '41', 'Connection': 'keep-alive', 'Server': 'nginx/1.14.1', 'Access-Control-Allow-Origin': '*', 'Content-Security-Policy': "default-src 'self';base-uri 'self';block-all-mixed-content;font-src 'self' https: data:;form-action 'self';frame-ancestors 'self';img-src 'self' data:;object-src 'none';script-src 'self';script-src-attr 'none';style-src 'self' https: 'unsafe-inline';upgrade-insecure-requests", 'Cross-Origin-Embedder-Policy': 'require-corp', 'Cross-Origin-Opener-Policy': 'same-origin', 'Cross-Origin-Resource-Policy': 'same-origin', 'X-DNS-Prefetch-Control': 'off', 'Expect-CT': 'max-age=0', 'X-Frame-Options': 'SAMEORIGIN', 'Strict-Transport-Security': 'max-age=15552000; includeSubDomains', 'X-Download-Options': 'noopen', 'X-Content-Type-Options': 'nosniff', 'Origin-Agent-Cluster': '?1', 'X-Permitted-Cross-Domain-Policies': 'none', 'Referrer-Policy': 'no-referrer', 'X-XSS-Protection': '0', 'ETag': 'W/"29-aoDjcksgYPFjBTN7TldHusn8TFE"'} 
 body={"success":true,"message":"","data":null} 
 </msg>
<msg timestamp="20240102 15:05:14.607" level="INFO">C:\Users\Perennial\PycharmProjects\API_Automation_HLF_Learning\venv\lib\site-packages\urllib3\connectionpool.py:1099: InsecureRequestWarning: Unverified HTTPS request is being made to host 'hlfuat.nium.com'. Adding certificate verification is strongly advised. See: https://urllib3.readthedocs.io/en/latest/advanced-usage.html#tls-warnings
  warnings.warn(</msg>
<msg timestamp="20240102 15:05:14.608" level="INFO">${Response} = &lt;Response [200]&gt;</msg>
<status status="PASS" starttime="20240102 15:05:13.470" endtime="20240102 15:05:14.608"/>
</kw>
<kw name="Log To Console" library="BuiltIn">
<arg>${Response.status_code}</arg>
<doc>Logs the given message to the console.</doc>
<status status="PASS" starttime="20240102 15:05:14.608" endtime="20240102 15:05:14.610"/>
</kw>
<kw name="Convert To String" library="BuiltIn">
<var>${response_content}</var>
<arg>${Response.content}</arg>
<doc>Converts the given item to a Unicode string.</doc>
<msg timestamp="20240102 15:05:14.611" level="INFO">${response_content} = {"success":true,"message":"","data":null}</msg>
<status status="PASS" starttime="20240102 15:05:14.610" endtime="20240102 15:05:14.611"/>
</kw>
<kw name="Convert To String" library="BuiltIn">
<var>${status-code}</var>
<arg>${Response.status_code}</arg>
<doc>Converts the given item to a Unicode string.</doc>
<msg timestamp="20240102 15:05:14.612" level="INFO">${status-code} = 200</msg>
<status status="PASS" starttime="20240102 15:05:14.611" endtime="20240102 15:05:14.612"/>
</kw>
<kw name="Convert To Boolean" library="BuiltIn">
<var>${success_msg}</var>
<arg>true</arg>
<doc>Converts the given item to Boolean true or false.</doc>
<msg timestamp="20240102 15:05:14.612" level="INFO">${success_msg} = True</msg>
<status status="PASS" starttime="20240102 15:05:14.612" endtime="20240102 15:05:14.612"/>
</kw>
<kw name="Should Be Equal" library="BuiltIn">
<arg>${status-code}</arg>
<arg>200</arg>
<doc>Fails if the given objects are unequal.</doc>
<status status="PASS" starttime="20240102 15:05:14.612" endtime="20240102 15:05:14.612"/>
</kw>
<kw name="Status Should Be" library="RequestsLibrary">
<arg>Ok</arg>
<arg>${Response}</arg>
<doc>Fails if response status code is different than the expected.</doc>
<status status="PASS" starttime="20240102 15:05:14.612" endtime="20240102 15:05:14.612"/>
</kw>
<kw name="Should Be Equal" library="BuiltIn">
<arg>${Response.json()}[success]</arg>
<arg>${success_msg}</arg>
<doc>Fails if the given objects are unequal.</doc>
<status status="PASS" starttime="20240102 15:05:14.612" endtime="20240102 15:05:14.613"/>
</kw>
<status status="PASS" starttime="20240102 15:05:13.469" endtime="20240102 15:05:14.613"/>
</kw>
<status status="PASS" starttime="20240102 15:05:13.468" endtime="20240102 15:05:14.613"/>
</test>
<test id="s1-t4" name="TC_4. Get User Updated Address" line="22">
<kw name="Get User Address" library="GetUserAddress">
<kw name="Create Session" library="RequestsLibrary">
<arg>get user address</arg>
<arg>${BaseURL}</arg>
<doc>Create Session: create a HTTP session to a server</doc>
<msg timestamp="20240102 15:05:14.616" level="INFO">Creating Session using : alias=get user address, url=https://hlfuat.nium.com, headers={},                     cookies={}, auth=None, timeout=None, proxies=None, verify=False,                     debug=0 </msg>
<status status="PASS" starttime="20240102 15:05:14.616" endtime="20240102 15:05:14.616"/>
</kw>
<kw name="Create Dictionary" library="BuiltIn">
<var>${headers}</var>
<arg>Content-Type=application/json</arg>
<arg>Authorization=Bearer ${BearerToken}</arg>
<doc>Creates and returns a dictionary based on the given ``items``.</doc>
<msg timestamp="20240102 15:05:14.617" level="INFO">${headers} = {'Content-Type': 'application/json', 'Authorization': 'Bearer eyJhbGciOiJIUzI1NiIsInR5cCI6IkpXVCJ9.eyJlbWFpbCI6InRlc3Q0MDFAeW9wbWFpbC5jb20iLCJpZCI6Ijc4MzMwNjNiLTgwNWItNGJhZS05N2E1LTYwMTA4YjlkNmU3ZCIsI...</msg>
<status status="PASS" starttime="20240102 15:05:14.616" endtime="20240102 15:05:14.617"/>
</kw>
<kw name="GET On Session" library="RequestsLibrary">
<var>${Response}</var>
<arg>get user address</arg>
<arg>/api/v1/user/${useriD}/customer/${cust_hash_id}/address</arg>
<arg>headers=${headers}</arg>
<doc>Sends a GET request on a previously created HTTP Session.</doc>
<msg timestamp="20240102 15:05:15.875" level="INFO">GET Request : url=https://hlfuat.nium.com/api/v1/user/7833063b-805b-4bae-97a5-60108b9d6e7d/customer/cd10a420-cee4-4ba2-b11b-bdade65d9546/address 
 path_url=/api/v1/user/7833063b-805b-4bae-97a5-60108b9d6e7d/customer/cd10a420-cee4-4ba2-b11b-bdade65d9546/address 
 headers={'User-Agent': 'python-requests/2.31.0', 'Accept-Encoding': 'gzip, deflate', 'Accept': '*/*', 'Connection': 'keep-alive', 'Content-Type': 'application/json', 'Authorization': 'Bearer eyJhbGciOiJIUzI1NiIsInR5cCI6IkpXVCJ9.eyJlbWFpbCI6InRlc3Q0MDFAeW9wbWFpbC5jb20iLCJpZCI6Ijc4MzMwNjNiLTgwNWItNGJhZS05N2E1LTYwMTA4YjlkNmU3ZCIsInJvbGUiOiJDT05TVU1FUiIsInN1Yl9yb2xlIjpudWxsLCJpYXQiOjE3MDQxODgxMTIsImV4cCI6MTcwNDE4ODI5Mn0.tTdiV5E7chqFCwZf7qo9JgrS8iiD5Oe8RqgCUB7S4qs'} 
 body=None 
 </msg>
<msg timestamp="20240102 15:05:15.875" level="INFO">GET Response : url=https://hlfuat.nium.com/api/v1/user/7833063b-805b-4bae-97a5-60108b9d6e7d/customer/cd10a420-cee4-4ba2-b11b-bdade65d9546/address 
 status=200, reason=OK 
 headers={'Date': 'Tue, 02 Jan 2024 09:35:15 GMT', 'Content-Type': 'application/json; charset=utf-8', 'Transfer-Encoding': 'chunked', 'Connection': 'keep-alive', 'Server': 'nginx/1.14.1', 'Vary': 'Accept-Encoding', 'Access-Control-Allow-Origin': '*', 'Content-Security-Policy': "default-src 'self';base-uri 'self';block-all-mixed-content;font-src 'self' https: data:;form-action 'self';frame-ancestors 'self';img-src 'self' data:;object-src 'none';script-src 'self';script-src-attr 'none';style-src 'self' https: 'unsafe-inline';upgrade-insecure-requests", 'Cross-Origin-Embedder-Policy': 'require-corp', 'Cross-Origin-Opener-Policy': 'same-origin', 'Cross-Origin-Resource-Policy': 'same-origin', 'X-DNS-Prefetch-Control': 'off', 'Expect-CT': 'max-age=0', 'X-Frame-Options': 'SAMEORIGIN', 'Strict-Transport-Security': 'max-age=15552000; includeSubDomains', 'X-Download-Options': 'noopen', 'X-Content-Type-Options': 'nosniff', 'Origin-Agent-Cluster': '?1', 'X-Permitted-Cross-Domain-Policies': 'none', 'Referrer-Policy': 'no-referrer', 'X-XSS-Protection': '0', 'ETag': 'W/"10f-FlJ7Aan0apXrM6F2suTEb4ygb3c"', 'Content-Encoding': 'gzip'} 
 body={"success":true,"message":"Customer address get successfully","data":{"deliveryAddress":"Perennial Systems Swargate, Kalewadi-pune, Pune, IN - 4104104.","billingAddress":"unit 128, BEDOK NORTH AVENUE 4, block, 102, floor 09, building PEARL GARDEN, SG, SG, SG - 460102."}} 
 </msg>
<msg timestamp="20240102 15:05:15.875" level="INFO">C:\Users\Perennial\PycharmProjects\API_Automation_HLF_Learning\venv\lib\site-packages\urllib3\connectionpool.py:1099: InsecureRequestWarning: Unverified HTTPS request is being made to host 'hlfuat.nium.com'. Adding certificate verification is strongly advised. See: https://urllib3.readthedocs.io/en/latest/advanced-usage.html#tls-warnings
  warnings.warn(</msg>
<msg timestamp="20240102 15:05:15.877" level="INFO">${Response} = &lt;Response [200]&gt;</msg>
<status status="PASS" starttime="20240102 15:05:14.617" endtime="20240102 15:05:15.877"/>
</kw>
<kw name="Convert To Boolean" library="BuiltIn">
<var>${success_msg}</var>
<arg>true</arg>
<doc>Converts the given item to Boolean true or false.</doc>
<msg timestamp="20240102 15:05:15.878" level="INFO">${success_msg} = True</msg>
<status status="PASS" starttime="20240102 15:05:15.877" endtime="20240102 15:05:15.878"/>
</kw>
<kw name="Status Should Be" library="RequestsLibrary">
<arg>Ok</arg>
<arg>${Response}</arg>
<doc>Fails if response status code is different than the expected.</doc>
<status status="PASS" starttime="20240102 15:05:15.878" endtime="20240102 15:05:15.878"/>
</kw>
<kw name="Should Be Equal As Strings" library="BuiltIn">
<arg>${Response.status_code}</arg>
<arg>200</arg>
<doc>Fails if objects are unequal after converting them to strings.</doc>
<msg timestamp="20240102 15:05:15.879" level="INFO">Argument types are:
&lt;class 'int'&gt;
&lt;class 'str'&gt;</msg>
<status status="PASS" starttime="20240102 15:05:15.878" endtime="20240102 15:05:15.879"/>
</kw>
<kw name="Should Be Equal" library="BuiltIn">
<arg>${Response.json()}[success]</arg>
<arg>${success_msg}</arg>
<doc>Fails if the given objects are unequal.</doc>
<status status="PASS" starttime="20240102 15:05:15.879" endtime="20240102 15:05:15.879"/>
</kw>
<kw name="Should Be Equal As Strings" library="BuiltIn">
<arg>${Response.json()}[message]</arg>
<arg>Customer address get successfully</arg>
<doc>Fails if objects are unequal after converting them to strings.</doc>
<status status="PASS" starttime="20240102 15:05:15.880" endtime="20240102 15:05:15.880"/>
</kw>
<kw name="Should Contain" library="BuiltIn">
<arg>${Response.json()}[data][deliveryAddress]</arg>
<arg>Perennial Systems Swargate</arg>
<doc>Fails if ``container`` does not contain ``item`` one or more times.</doc>
<status status="PASS" starttime="20240102 15:05:15.880" endtime="20240102 15:05:15.881"/>
</kw>
<status status="PASS" starttime="20240102 15:05:14.616" endtime="20240102 15:05:15.881"/>
</kw>
<status status="PASS" starttime="20240102 15:05:14.615" endtime="20240102 15:05:15.881"/>
</test>
<status status="PASS" starttime="20240102 15:05:11.377" endtime="20240102 15:05:15.883"/>
</suite>
<statistics>
<total>
<stat pass="4" fail="0" skip="0">All Tests</stat>
</total>
<tag>
</tag>
<suite>
<stat pass="4" fail="0" skip="0" id="s1" name="HLF API Automation">HLF API Automation</stat>
</suite>
</statistics>
<errors>
<msg timestamp="20240102 15:05:11.646" level="ERROR">Error in file 'C:\Users\Perennial\PycharmProjects\API_Automation_HLF_Learning\Keywords\GetCustemer.robot' on line 3: Importing library 'Collection' failed: ModuleNotFoundError: No module named 'Collection'
Traceback (most recent call last):
  None
PYTHONPATH:
  C:\Users\Perennial\PycharmProjects\API_Automation_HLF_Learning\venv\Scripts\robot.exe
  C:\Users\Perennial\AppData\Local\Programs\Python\Python310\python310.zip
  C:\Users\Perennial\AppData\Local\Programs\Python\Python310\DLLs
  C:\Users\Perennial\AppData\Local\Programs\Python\Python310\lib
  C:\Users\Perennial\AppData\Local\Programs\Python\Python310
  C:\Users\Perennial\PycharmProjects\API_Automation_HLF_Learning\venv
  C:\Users\Perennial\PycharmProjects\API_Automation_HLF_Learning\venv\lib\site-packages</msg>
<msg timestamp="20240102 15:05:11.652" level="ERROR">Error in file 'C:\Users\Perennial\PycharmProjects\API_Automation_HLF_Learning\Keywords\UpdateCustemerDetails_keywords.robot' on line 3: Importing library 'Collection' failed: ModuleNotFoundError: No module named 'Collection'
Traceback (most recent call last):
  None
PYTHONPATH:
  C:\Users\Perennial\PycharmProjects\API_Automation_HLF_Learning\venv\Scripts\robot.exe
  C:\Users\Perennial\AppData\Local\Programs\Python\Python310\python310.zip
  C:\Users\Perennial\AppData\Local\Programs\Python\Python310\DLLs
  C:\Users\Perennial\AppData\Local\Programs\Python\Python310\lib
  C:\Users\Perennial\AppData\Local\Programs\Python\Python310
  C:\Users\Perennial\PycharmProjects\API_Automation_HLF_Learning\venv
  C:\Users\Perennial\PycharmProjects\API_Automation_HLF_Learning\venv\lib\site-packages</msg>
<msg timestamp="20240102 15:05:12.216" level="WARN">Keyword 'RequestsLibrary.To Json' is deprecated. Please use ${resp.json()} instead. Have a look at the improved HTML output as pretty printing replacement.</msg>
</errors>
</robot>
